<?xml version="1.0" encoding="UTF-8"?>
<!-- Generated by org.testng.reporters.JUnitReportReporter -->
<testsuite hostname="paszoste-ThinkPad-X230" name="edu.berkeley.compbio.jlibsvm.kernel.GaussianRBFKernelTest" tests="1" failures="0" timestamp="26 Aug 2014 14:43:32 GMT" time="0.150" errors="0">
  <testcase name="explicitAndCompositeKernelsAreEqual" time="0.150" classname="edu.berkeley.compbio.jlibsvm.kernel.GaussianRBFKernelTest"/>
</testsuite>
